<?xml version="1.0" encoding="UTF-8"?>
<!-- Generated by org.testng.reporters.JUnitXMLReporter -->
<testsuite hostname="DESKTOP-7QL7HVM" ignored="0" name="Test" tests="4" failures="1" timestamp="2022-01-18T18:26:49 BDT" time="49.965" errors="0">
  <testcase name="loginCredentials" time="11.942" classname="com.anydoweb.pageObjectModel.TestCase"/>
  <testcase name="createTask" time="13.361" classname="com.anydoweb.pageObjectModel.CreateTask"/>
  <testcase name="taskCreatedWithNotes" time="13.033" classname="com.anydoweb.pageObjectModel.TaskCreateWIthNotes"/>
  <testcase name="taskdWithNotes" time="11.383" classname="com.anydoweb.pageObjectModel.TaskCreateWIthNotes">
    <failure type="org.openqa.selenium.ElementClickInterceptedException" message="element click intercepted: Element &amp;lt;button disabled=&amp;quot;&amp;quot; class=&amp;quot;Button Button--disabled&amp;quot; type=&amp;quot;submit&amp;quot;&amp;gt;...&amp;lt;/button&amp;gt; is not clickable at point (947, 261). Other element would receive the click: &amp;lt;form class=&amp;quot;AppLoginNewUser&amp;quot;&amp;gt;...&amp;lt;/form&amp;gt;
  (Session info: chrome=97.0.4692.71)
Build info: version: &amp;apos;4.1.1&amp;apos;, revision: &amp;apos;e8fcc2cecf&amp;apos;
System info: host: &amp;apos;DESKTOP-7QL7HVM&amp;apos;, ip: &amp;apos;192.168.0.103&amp;apos;, os.name: &amp;apos;Windows 8.1&amp;apos;, os.arch: &amp;apos;amd64&amp;apos;, os.version: &amp;apos;6.3&amp;apos;, java.version: &amp;apos;1.8.0_31&amp;apos;
Driver info: org.openqa.selenium.chrome.ChromeDriver
Command: [bdb995981c2c495d78b12aa3d8465bbe, clickElement {id=aa90a515-d320-44ba-b708-1983efe859d1}]
Capabilities {acceptInsecureCerts: false, browserName: chrome, browserVersion: 97.0.4692.71, chrome: {chromedriverVersion: 97.0.4692.71 (adefa7837d02a..., userDataDir: C:\Users\Shawon\AppData\Loc...}, goog:chromeOptions: {debuggerAddress: localhost:65234}, javascriptEnabled: true, networkConnectionEnabled: false, pageLoadStrategy: normal, platform: WINDOWS, platformName: WINDOWS, proxy: Proxy(), se:cdp: ws://localhost:65234/devtoo..., se:cdpVersion: 97.0.4692.71, setWindowRect: true, strictFileInteractability: false, timeouts: {implicit: 0, pageLoad: 300000, script: 30000}, unhandledPromptBehavior: dismiss and notify, webauthn:extension:credBlob: true, webauthn:extension:largeBlob: true, webauthn:virtualAuthenticators: true}
Element: [[ChromeDriver: chrome on WINDOWS (bdb995981c2c495d78b12aa3d8465bbe)] -&amp;gt; xpath: //*[@type=&amp;quot;submit&amp;quot;]]
Session ID: bdb995981c2c495d78b12aa3d8465bbe">
      <![CDATA[org.openqa.selenium.ElementClickInterceptedException: element click intercepted: Element <button disabled="" class="Button Button--disabled" type="submit">...</button> is not clickable at point (947, 261). Other element would receive the click: <form class="AppLoginNewUser">...</form>
  (Session info: chrome=97.0.4692.71)
Build info: version: '4.1.1', revision: 'e8fcc2cecf'
System info: host: 'DESKTOP-7QL7HVM', ip: '192.168.0.103', os.name: 'Windows 8.1', os.arch: 'amd64', os.version: '6.3', java.version: '1.8.0_31'
Driver info: org.openqa.selenium.chrome.ChromeDriver
Command: [bdb995981c2c495d78b12aa3d8465bbe, clickElement {id=aa90a515-d320-44ba-b708-1983efe859d1}]
Capabilities {acceptInsecureCerts: false, browserName: chrome, browserVersion: 97.0.4692.71, chrome: {chromedriverVersion: 97.0.4692.71 (adefa7837d02a..., userDataDir: C:\Users\Shawon\AppData\Loc...}, goog:chromeOptions: {debuggerAddress: localhost:65234}, javascriptEnabled: true, networkConnectionEnabled: false, pageLoadStrategy: normal, platform: WINDOWS, platformName: WINDOWS, proxy: Proxy(), se:cdp: ws://localhost:65234/devtoo..., se:cdpVersion: 97.0.4692.71, setWindowRect: true, strictFileInteractability: false, timeouts: {implicit: 0, pageLoad: 300000, script: 30000}, unhandledPromptBehavior: dismiss and notify, webauthn:extension:credBlob: true, webauthn:extension:largeBlob: true, webauthn:virtualAuthenticators: true}
Element: [[ChromeDriver: chrome on WINDOWS (bdb995981c2c495d78b12aa3d8465bbe)] -> xpath: //*[@type="submit"]]
Session ID: bdb995981c2c495d78b12aa3d8465bbe
at org.openqa.selenium.remote.codec.w3c.W3CHttpResponseCodec.createException(W3CHttpResponseCodec.java:200)
at org.openqa.selenium.remote.codec.w3c.W3CHttpResponseCodec.decode(W3CHttpResponseCodec.java:133)
at org.openqa.selenium.remote.codec.w3c.W3CHttpResponseCodec.decode(W3CHttpResponseCodec.java:53)
at org.openqa.selenium.remote.HttpCommandExecutor.execute(HttpCommandExecutor.java:184)
at org.openqa.selenium.remote.service.DriverCommandExecutor.invokeExecute(DriverCommandExecutor.java:167)
at org.openqa.selenium.remote.service.DriverCommandExecutor.execute(DriverCommandExecutor.java:142)
at org.openqa.selenium.remote.RemoteWebDriver.execute(RemoteWebDriver.java:543)
at org.openqa.selenium.remote.RemoteWebElement.execute(RemoteWebElement.java:251)
at org.openqa.selenium.remote.RemoteWebElement.click(RemoteWebElement.java:77)
at com.anydoweb.pageObjectModel.TaskCreateWIthNotes.taskdWithNotes(TaskCreateWIthNotes.java:80)
at java.util.ArrayList.forEach(Unknown Source)
... Removed 32 stack frames]]>
    </failure>
  </testcase> <!-- taskdWithNotes -->
</testsuite> <!-- Test -->
